{
  "call_graph": [
    {
      "from": "main",
      "to": "fib",
      "count": 3
    },
    {
      "from": "fib",
      "to": "le_one",
      "count": 9
    },
    {
      "from": "fib",
      "to": "fib",
      "count": 6
    }
  ],
  "basic_block_flows": [
    {
      "from": "a",
      "to": "b",
      "count": 9,
      "function": "le_one"
    },
    {
      "from": "b1",
      "to": "return",
      "count": 6,
      "function": "fib"
    },
    {
      "from": "b1",
      "to": "continue",
      "count": 3,
      "function": "fib"
    }
  ]
}
